<?xml version="1.0" encoding="UTF-8"?>
<testng-results ignored="0" total="2" passed="2" failed="0" skipped="0">
  <reporter-output>
  </reporter-output>
  <suite started-at="2022-10-05T23:12:15 SAST" name="Default suite" finished-at="2022-10-05T23:12:15 SAST" duration-ms="66">
    <groups>
    </groups>
    <test started-at="2022-10-05T23:12:15 SAST" name="Default test" finished-at="2022-10-05T23:12:15 SAST" duration-ms="66">
      <class name="testing.Day1">
        <test-method signature="demo()[pri:0, instance:testing.Day1@f381794]" started-at="2022-10-05T23:12:15 SAST" name="demo" finished-at="2022-10-05T23:12:15 SAST" duration-ms="7" status="PASS">
          <reporter-output>
          </reporter-output>
        </test-method> <!-- demo -->
        <test-method signature="lemon()[pri:0, instance:testing.Day1@f381794]" started-at="2022-10-05T23:12:15 SAST" name="lemon" finished-at="2022-10-05T23:12:15 SAST" duration-ms="1" status="PASS">
          <reporter-output>
          </reporter-output>
        </test-method> <!-- lemon -->
      </class> <!-- testing.Day1 -->
    </test> <!-- Default test -->
  </suite> <!-- Default suite -->
</testng-results>
